Traceback (most recent call last):
  File "/usr/share/miniconda/envs/swd6_hpp/lib/python3.9/site-packages/jupyter_cache/executors/utils.py", line 51, in single_nb_execution
    executenb(
  File "/usr/share/miniconda/envs/swd6_hpp/lib/python3.9/site-packages/nbclient/client.py", line 1093, in execute
    return NotebookClient(nb=nb, resources=resources, km=km, **kwargs).execute()
  File "/usr/share/miniconda/envs/swd6_hpp/lib/python3.9/site-packages/nbclient/util.py", line 84, in wrapped
    return just_run(coro(*args, **kwargs))
  File "/usr/share/miniconda/envs/swd6_hpp/lib/python3.9/site-packages/nbclient/util.py", line 62, in just_run
    return loop.run_until_complete(coro)
  File "/usr/share/miniconda/envs/swd6_hpp/lib/python3.9/asyncio/base_events.py", line 642, in run_until_complete
    return future.result()
  File "/usr/share/miniconda/envs/swd6_hpp/lib/python3.9/site-packages/nbclient/client.py", line 559, in async_execute
    await self.async_execute_cell(
  File "/usr/share/miniconda/envs/swd6_hpp/lib/python3.9/site-packages/nbclient/client.py", line 854, in async_execute_cell
    self._check_raise_for_error(cell, exec_reply)
  File "/usr/share/miniconda/envs/swd6_hpp/lib/python3.9/site-packages/nbclient/client.py", line 756, in _check_raise_for_error
    raise CellExecutionError.from_cell_and_msg(cell, exec_reply_content)
nbclient.exceptions.CellExecutionError: An error occurred while executing the following cell:
------------------
@guvectorize([(int64[:], int64, int64[:])], '(n),()->(n)')
def g(x, y, res):
    for i in range(x.shape[0]):
        res[i] = x[i] + y
------------------

[0;31m---------------------------------------------------------------------------[0m
[0;31mNameError[0m                                 Traceback (most recent call last)
[0;32m/tmp/ipykernel_4189/3399026752.py[0m in [0;36m<module>[0;34m[0m
[0;32m----> 1[0;31m [0;34m@[0m[0mguvectorize[0m[0;34m([0m[0;34m[[0m[0;34m([0m[0mint64[0m[0;34m[[0m[0;34m:[0m[0;34m][0m[0;34m,[0m [0mint64[0m[0;34m,[0m [0mint64[0m[0;34m[[0m[0;34m:[0m[0;34m][0m[0;34m)[0m[0;34m][0m[0;34m,[0m [0;34m'(n),()->(n)'[0m[0;34m)[0m[0;34m[0m[0;34m[0m[0m
[0m[1;32m      2[0m [0;32mdef[0m [0mg[0m[0;34m([0m[0mx[0m[0;34m,[0m [0my[0m[0;34m,[0m [0mres[0m[0;34m)[0m[0;34m:[0m[0;34m[0m[0;34m[0m[0m
[1;32m      3[0m     [0;32mfor[0m [0mi[0m [0;32min[0m [0mrange[0m[0;34m([0m[0mx[0m[0;34m.[0m[0mshape[0m[0;34m[[0m[0;36m0[0m[0;34m][0m[0;34m)[0m[0;34m:[0m[0;34m[0m[0;34m[0m[0m
[1;32m      4[0m         [0mres[0m[0;34m[[0m[0mi[0m[0;34m][0m [0;34m=[0m [0mx[0m[0;34m[[0m[0mi[0m[0;34m][0m [0;34m+[0m [0my[0m[0;34m[0m[0;34m[0m[0m

[0;31mNameError[0m: name 'int64' is not defined
NameError: name 'int64' is not defined

